<?xml version="1.0" encoding="UTF-8"?>
<!-- Generated by org.testng.reporters.JUnitReportReporter -->
<testsuite skipped="0" hostname="Alok" name="script.TestClass" tests="1" failures="0" timestamp="10 Mar 2018 19:03:29 GMT" time="23.663" errors="0">
  <testcase name="testcase" time="23.663" classname="script.TestClass"/>
</testsuite> <!-- script.TestClass -->
