<?xml version="1.0" encoding="UTF-8"?>
<!-- Generated by org.testng.reporters.JUnitReportReporter -->
<testsuite skipped="0" hostname="Alok" name="script.TestCase" tests="1" failures="0" timestamp="10 Mar 2018 19:30:34 GMT" time="26.594" errors="0">
  <testcase name="testcase" time="26.594" classname="script.TestCase"/>
</testsuite> <!-- script.TestCase -->
